<?xml version="1.0" encoding="UTF-8"?>
<coverage generated="1594383629083" clover="3.2.0">
  <project timestamp="1594383629083" name="All files">
    <metrics statements="53" coveredstatements="46" conditionals="16" coveredconditionals="15" methods="5" coveredmethods="5" elements="74" coveredelements="66" complexity="0" loc="53" ncloc="53" packages="1" files="1" classes="1"/>
    <file name="linearequation.js" path="/Users/taiga/Projects/numerical-calculation/frontend/src/lib/linearequation.js">
      <metrics statements="53" coveredstatements="46" conditionals="16" coveredconditionals="15" methods="5" coveredmethods="5"/>
      <line num="1" count="1" type="stmt"/>
      <line num="2" count="1" type="stmt"/>
      <line num="3" count="1" type="stmt"/>
      <line num="4" count="1" type="stmt"/>
      <line num="5" count="5" type="stmt"/>
      <line num="6" count="5" type="stmt"/>
      <line num="7" count="25" type="cond" truecount="2" falsecount="0"/>
      <line num="8" count="20" type="cond" truecount="2" falsecount="0"/>
      <line num="9" count="12" type="stmt"/>
      <line num="11" count="5" type="stmt"/>
      <line num="13" count="1" type="stmt"/>
      <line num="14" count="5" type="stmt"/>
      <line num="17" count="1" type="stmt"/>
      <line num="20" count="1" type="stmt"/>
      <line num="21" count="5" type="stmt"/>
      <line num="22" count="5" type="cond" truecount="2" falsecount="0"/>
      <line num="23" count="1" type="stmt"/>
      <line num="24" count="4" type="cond" truecount="2" falsecount="0"/>
      <line num="25" count="1" type="stmt"/>
      <line num="28" count="5" type="stmt"/>
      <line num="31" count="1" type="stmt"/>
      <line num="32" count="1" type="stmt"/>
      <line num="33" count="1" type="stmt"/>
      <line num="35" count="1" type="stmt"/>
      <line num="36" count="1" type="stmt"/>
      <line num="37" count="1" type="cond" truecount="1" falsecount="1"/>
      <line num="38" count="1" type="stmt"/>
      <line num="39" count="5" type="stmt"/>
      <line num="40" count="5" type="stmt"/>
      <line num="41" count="25" type="cond" truecount="4" falsecount="0"/>
      <line num="42" count="16" type="stmt"/>
      <line num="44" count="9" type="stmt"/>
      <line num="47" count="5" type="stmt"/>
      <line num="49" count="1" type="stmt"/>
      <line num="50" count="5" type="cond" truecount="2" falsecount="0"/>
      <line num="51" count="2" type="stmt"/>
      <line num="53" count="3" type="stmt"/>
      <line num="57" count="0" type="stmt"/>
      <line num="58" count="0" type="stmt"/>
      <line num="59" count="0" type="stmt"/>
      <line num="60" count="0" type="stmt"/>
      <line num="62" count="0" type="stmt"/>
      <line num="64" count="0" type="stmt"/>
      <line num="65" count="0" type="stmt"/>
      <line num="68" count="1" type="stmt"/>
      <line num="72" count="1" type="stmt"/>
      <line num="73" count="1" type="stmt"/>
      <line num="74" count="1" type="stmt"/>
      <line num="75" count="1" type="stmt"/>
      <line num="78" count="1" type="stmt"/>
      <line num="79" count="1" type="stmt"/>
      <line num="80" count="1" type="stmt"/>
      <line num="81" count="1" type="stmt"/>
    </file>
  </project>
</coverage>
