{"/Users/taiga/Projects/numerical-calculation/frontend/src/lib/linearequation.js": {"path":"/Users/taiga/Projects/numerical-calculation/frontend/src/lib/linearequation.js","statementMap":{"0":{"start":{"line":1,"column":28},"end":{"line":18,"column":1}},"1":{"start":{"line":2,"column":29},"end":{"line":2,"column":31}},"2":{"start":{"line":3,"column":31},"end":{"line":3,"column":33}},"3":{"start":{"line":4,"column":2},"end":{"line":12,"column":3}},"4":{"start":{"line":4,"column":15},"end":{"line":4,"column":16}},"5":{"start":{"line":5,"column":14},"end":{"line":5,"column":16}},"6":{"start":{"line":6,"column":4},"end":{"line":10,"column":5}},"7":{"start":{"line":6,"column":17},"end":{"line":6,"column":18}},"8":{"start":{"line":7,"column":6},"end":{"line":9,"column":22}},"9":{"start":{"line":7,"column":18},"end":{"line":7,"column":71}},"10":{"start":{"line":8,"column":11},"end":{"line":9,"column":22}},"11":{"start":{"line":8,"column":37},"end":{"line":8,"column":84}},"12":{"start":{"line":9,"column":11},"end":{"line":9,"column":22}},"13":{"start":{"line":11,"column":4},"end":{"line":11,"column":34}},"14":{"start":{"line":13,"column":2},"end":{"line":15,"column":3}},"15":{"start":{"line":13,"column":15},"end":{"line":13,"column":16}},"16":{"start":{"line":14,"column":4},"end":{"line":14,"column":68}},"17":{"start":{"line":17,"column":2},"end":{"line":17,"column":63}},"18":{"start":{"line":20,"column":28},"end":{"line":29,"column":1}},"19":{"start":{"line":21,"column":12},"end":{"line":21,"column":33}},"20":{"start":{"line":22,"column":2},"end":{"line":26,"column":3}},"21":{"start":{"line":23,"column":4},"end":{"line":23,"column":12}},"22":{"start":{"line":24,"column":9},"end":{"line":26,"column":3}},"23":{"start":{"line":25,"column":4},"end":{"line":25,"column":11}},"24":{"start":{"line":28,"column":2},"end":{"line":28,"column":12}},"25":{"start":{"line":31,"column":26},"end":{"line":69,"column":1}},"26":{"start":{"line":32,"column":18},"end":{"line":32,"column":42}},"27":{"start":{"line":33,"column":16},"end":{"line":33,"column":34}},"28":{"start":{"line":35,"column":29},"end":{"line":35,"column":31}},"29":{"start":{"line":36,"column":31},"end":{"line":36,"column":33}},"30":{"start":{"line":37,"column":2},"end":{"line":67,"column":3}},"31":{"start":{"line":38,"column":4},"end":{"line":48,"column":5}},"32":{"start":{"line":38,"column":17},"end":{"line":38,"column":18}},"33":{"start":{"line":39,"column":19},"end":{"line":39,"column":21}},"34":{"start":{"line":40,"column":6},"end":{"line":46,"column":7}},"35":{"start":{"line":40,"column":19},"end":{"line":40,"column":20}},"36":{"start":{"line":41,"column":8},"end":{"line":45,"column":9}},"37":{"start":{"line":42,"column":10},"end":{"line":42,"column":24}},"38":{"start":{"line":44,"column":10},"end":{"line":44,"column":46}},"39":{"start":{"line":47,"column":6},"end":{"line":47,"column":39}},"40":{"start":{"line":49,"column":4},"end":{"line":55,"column":5}},"41":{"start":{"line":49,"column":17},"end":{"line":49,"column":18}},"42":{"start":{"line":50,"column":6},"end":{"line":54,"column":7}},"43":{"start":{"line":51,"column":8},"end":{"line":51,"column":38}},"44":{"start":{"line":53,"column":8},"end":{"line":53,"column":59}},"45":{"start":{"line":57,"column":4},"end":{"line":63,"column":5}},"46":{"start":{"line":57,"column":17},"end":{"line":57,"column":18}},"47":{"start":{"line":58,"column":19},"end":{"line":58,"column":21}},"48":{"start":{"line":59,"column":6},"end":{"line":61,"column":7}},"49":{"start":{"line":59,"column":19},"end":{"line":59,"column":20}},"50":{"start":{"line":60,"column":8},"end":{"line":60,"column":44}},"51":{"start":{"line":62,"column":6},"end":{"line":62,"column":39}},"52":{"start":{"line":64,"column":4},"end":{"line":66,"column":5}},"53":{"start":{"line":64,"column":17},"end":{"line":64,"column":18}},"54":{"start":{"line":65,"column":6},"end":{"line":65,"column":57}},"55":{"start":{"line":68,"column":2},"end":{"line":68,"column":64}},"56":{"start":{"line":72,"column":33},"end":{"line":76,"column":1}},"57":{"start":{"line":73,"column":12},"end":{"line":73,"column":29}},"58":{"start":{"line":74,"column":2},"end":{"line":74,"column":17}},"59":{"start":{"line":75,"column":2},"end":{"line":75,"column":12}},"60":{"start":{"line":78,"column":33},"end":{"line":82,"column":1}},"61":{"start":{"line":79,"column":12},"end":{"line":79,"column":29}},"62":{"start":{"line":80,"column":2},"end":{"line":80,"column":14}},"63":{"start":{"line":81,"column":2},"end":{"line":81,"column":12}}},"fnMap":{"0":{"name":"(anonymous_0)","decl":{"start":{"line":1,"column":28},"end":{"line":1,"column":29}},"loc":{"start":{"line":1,"column":36},"end":{"line":18,"column":1}},"line":1},"1":{"name":"(anonymous_1)","decl":{"start":{"line":20,"column":28},"end":{"line":20,"column":29}},"loc":{"start":{"line":20,"column":36},"end":{"line":29,"column":1}},"line":20},"2":{"name":"(anonymous_2)","decl":{"start":{"line":31,"column":26},"end":{"line":31,"column":27}},"loc":{"start":{"line":31,"column":76},"end":{"line":69,"column":1}},"line":31},"3":{"name":"(anonymous_3)","decl":{"start":{"line":72,"column":33},"end":{"line":72,"column":34}},"loc":{"start":{"line":72,"column":56},"end":{"line":76,"column":1}},"line":72},"4":{"name":"(anonymous_4)","decl":{"start":{"line":78,"column":33},"end":{"line":78,"column":34}},"loc":{"start":{"line":78,"column":56},"end":{"line":82,"column":1}},"line":78}},"branchMap":{"0":{"loc":{"start":{"line":7,"column":6},"end":{"line":9,"column":22}},"type":"if","locations":[{"start":{"line":7,"column":6},"end":{"line":9,"column":22}},{"start":{"line":7,"column":6},"end":{"line":9,"column":22}}],"line":7},"1":{"loc":{"start":{"line":8,"column":11},"end":{"line":9,"column":22}},"type":"if","locations":[{"start":{"line":8,"column":11},"end":{"line":9,"column":22}},{"start":{"line":8,"column":11},"end":{"line":9,"column":22}}],"line":8},"2":{"loc":{"start":{"line":22,"column":2},"end":{"line":26,"column":3}},"type":"if","locations":[{"start":{"line":22,"column":2},"end":{"line":26,"column":3}},{"start":{"line":22,"column":2},"end":{"line":26,"column":3}}],"line":22},"3":{"loc":{"start":{"line":24,"column":9},"end":{"line":26,"column":3}},"type":"if","locations":[{"start":{"line":24,"column":9},"end":{"line":26,"column":3}},{"start":{"line":24,"column":9},"end":{"line":26,"column":3}}],"line":24},"4":{"loc":{"start":{"line":37,"column":2},"end":{"line":67,"column":3}},"type":"if","locations":[{"start":{"line":37,"column":2},"end":{"line":67,"column":3}},{"start":{"line":37,"column":2},"end":{"line":67,"column":3}}],"line":37},"5":{"loc":{"start":{"line":41,"column":8},"end":{"line":45,"column":9}},"type":"if","locations":[{"start":{"line":41,"column":8},"end":{"line":45,"column":9}},{"start":{"line":41,"column":8},"end":{"line":45,"column":9}}],"line":41},"6":{"loc":{"start":{"line":41,"column":12},"end":{"line":41,"column":40}},"type":"binary-expr","locations":[{"start":{"line":41,"column":12},"end":{"line":41,"column":24}},{"start":{"line":41,"column":28},"end":{"line":41,"column":40}}],"line":41},"7":{"loc":{"start":{"line":50,"column":6},"end":{"line":54,"column":7}},"type":"if","locations":[{"start":{"line":50,"column":6},"end":{"line":54,"column":7}},{"start":{"line":50,"column":6},"end":{"line":54,"column":7}}],"line":50}},"s":{"0":1,"1":1,"2":1,"3":1,"4":1,"5":5,"6":5,"7":5,"8":25,"9":5,"10":20,"11":8,"12":12,"13":5,"14":1,"15":1,"16":5,"17":1,"18":1,"19":5,"20":5,"21":1,"22":4,"23":1,"24":5,"25":1,"26":1,"27":1,"28":1,"29":1,"30":1,"31":1,"32":1,"33":5,"34":5,"35":5,"36":25,"37":16,"38":9,"39":5,"40":1,"41":1,"42":5,"43":2,"44":3,"45":0,"46":0,"47":0,"48":0,"49":0,"50":0,"51":0,"52":0,"53":0,"54":0,"55":1,"56":1,"57":1,"58":1,"59":1,"60":1,"61":1,"62":1,"63":1},"f":{"0":1,"1":5,"2":1,"3":1,"4":1},"b":{"0":[5,20],"1":[8,12],"2":[1,4],"3":[1,3],"4":[1,0],"5":[16,9],"6":[25,15],"7":[2,3]},"_coverageSchema":"1a1c01bbd47fc00a2c39e90264f33305004495a9","hash":"fe216e455c934c9c1649f374294cccb668b40b7a"}
}
