TN:
SF:frontend/src/lib/linearequation.js
FN:1,(anonymous_0)
FN:20,(anonymous_1)
FN:31,(anonymous_2)
FN:72,(anonymous_3)
FN:78,(anonymous_4)
FNF:5
FNH:5
FNDA:1,(anonymous_0)
FNDA:5,(anonymous_1)
FNDA:1,(anonymous_2)
FNDA:1,(anonymous_3)
FNDA:1,(anonymous_4)
DA:1,1
DA:2,1
DA:3,1
DA:4,1
DA:5,5
DA:6,5
DA:7,25
DA:8,20
DA:9,12
DA:11,5
DA:13,1
DA:14,5
DA:17,1
DA:20,1
DA:21,5
DA:22,5
DA:23,1
DA:24,4
DA:25,1
DA:28,5
DA:31,1
DA:32,1
DA:33,1
DA:35,1
DA:36,1
DA:37,1
DA:38,1
DA:39,5
DA:40,5
DA:41,25
DA:42,16
DA:44,9
DA:47,5
DA:49,1
DA:50,5
DA:51,2
DA:53,3
DA:57,0
DA:58,0
DA:59,0
DA:60,0
DA:62,0
DA:64,0
DA:65,0
DA:68,1
DA:72,1
DA:73,1
DA:74,1
DA:75,1
DA:78,1
DA:79,1
DA:80,1
DA:81,1
LF:53
LH:46
BRDA:7,0,0,5
BRDA:7,0,1,20
BRDA:8,1,0,8
BRDA:8,1,1,12
BRDA:22,2,0,1
BRDA:22,2,1,4
BRDA:24,3,0,1
BRDA:24,3,1,3
BRDA:37,4,0,1
BRDA:37,4,1,0
BRDA:41,5,0,16
BRDA:41,5,1,9
BRDA:41,6,0,25
BRDA:41,6,1,15
BRDA:50,7,0,2
BRDA:50,7,1,3
BRF:16
BRH:15
end_of_record
